<?xml version="1.0" encoding="UTF-8"?>
<!-- Generated by org.testng.reporters.JUnitReportReporter -->
<testsuite hostname="VAIO" name="com.zoho.testscript.CreateLead" tests="1" failures="0" timestamp="20 Feb 2018 11:40:08 GMT" time="25.824" errors="0">
  <testcase name="createlead" time="25.824" classname="com.zoho.testscript.CreateLead"/>
</testsuite> <!-- com.zoho.testscript.CreateLead -->
