<?xml version="1.0" encoding="UTF-8"?>
<!-- Generated by org.testng.reporters.JUnitReportReporter -->
<testsuite hostname="VAIO" name="com.zoho.testscript.CreateLeadTest" tests="1" failures="0" timestamp="10 Mar 2018 11:51:00 GMT" time="22.150" errors="0">
  <testcase name="createlead" time="22.150" classname="com.zoho.testscript.CreateLeadTest"/>
</testsuite> <!-- com.zoho.testscript.CreateLeadTest -->
