<?xml version="1.0" encoding="UTF-8"?>
<!-- Generated by org.testng.reporters.JUnitReportReporter -->
<testsuite hostname="VAIO" name="firefoxtest.FrameTitle" tests="1" failures="0" timestamp="1 Jan 2018 12:01:48 GMT" time="13.166" errors="0">
  <testcase name="getFrameTest" time="13.166" classname="firefoxtest.FrameTitle"/>
</testsuite> <!-- firefoxtest.FrameTitle -->
