<?xml version="1.0" encoding="UTF-8"?>
<!-- Generated by org.testng.reporters.JUnitReportReporter -->
<testsuite hostname="VAIO" name="demotestng.DemoTest" tests="6" failures="0" timestamp="22 Jan 2018 15:47:18 GMT" time="0.031" errors="0">
  <testcase name="editProjectTest" time="0.002" classname="demotestng.DemoTest"/>
  <testcase name="createProjectTest" time="0.005" classname="demotestng.DemoTest"/>
  <testcase name="deleteProjectTest" time="0.002" classname="demotestng.DemoTest"/>
  <testcase name="createCustomerTest" time="0.016" classname="demotestng.DemoTest"/>
  <testcase name="editCustomerTest" time="0.004" classname="demotestng.DemoTest"/>
  <testcase name="deleteCustomerTest" time="0.002" classname="demotestng.DemoTest"/>
</testsuite> <!-- demotestng.DemoTest -->
