<?xml version="1.0" encoding="UTF-8"?>
<!-- Generated by org.testng.reporters.JUnitReportReporter -->
<testsuite skipped="0" hostname="soumyavaio" name="demotestng.DemoTest" tests="6" failures="0" timestamp="14 Mar 2018 12:22:52 GMT" time="0.048" errors="0">
  <testcase name="deleteProjectTest" time="0.002" classname="demotestng.DemoTest"/>
  <testcase name="editProjectTest" time="0.002" classname="demotestng.DemoTest"/>
  <testcase name="deleteCustomerTest" time="0.007" classname="demotestng.DemoTest"/>
  <testcase name="editCustomerTest" time="0.007" classname="demotestng.DemoTest"/>
  <testcase name="createCustomerTest" time="0.029" classname="demotestng.DemoTest"/>
  <testcase name="createProjectTest" time="0.001" classname="demotestng.DemoTest"/>
</testsuite> <!-- demotestng.DemoTest -->
